# JRE version: OpenJDK Runtime Environment Microsoft-8902769 (17.0.10+7) (build 17.0.10+7-LTS)
# Java VM: OpenJDK 64-Bit Server VM Microsoft-8902769 (17.0.10+7-LTS, mixed mode, sharing, tiered, compressed oops, compressed class ptrs, g1 gc, windows-amd64)
GC Precious Log:
 CPUs: 4 total, 4 available
 Memory: 3793M
 Large Page Support: Disabled
 NUMA Support: Disabled
 Compressed Oops: Enabled (32-bit)
 Heap Region Size: 1M
 Heap Min Capacity: 8M
 Heap Initial Capacity: 60M
 Heap Max Capacity: 2G
 Pre-touch: Disabled
 Parallel Workers: 4
 Concurrent Workers: 1
 Concurrent Refinement Workers: 4
 Periodic GC: Disabled
Heap:
 garbage-first heap   total 187392K, used 79084K [0x0000000080000000, 0x0000000100000000)
  region size 1024K, 1 young (1024K), 1 survivors (1024K)
 Metaspace       used 69047K, committed 69760K, reserved 491520K
  class space    used 9660K, committed 9984K, reserved 425984K
GC Heap History (20 events):
Event: 80.856 GC heap after
{Heap after GC invocations=27 (full 0):
 garbage-first heap   total 122880K, used 44420K [0x0000000080000000, 0x0000000100000000)
  region size 1024K, 1 young (1024K), 1 survivors (1024K)
 Metaspace       used 46556K, committed 47168K, reserved 491520K
  class space    used 6557K, committed 6848K, reserved 425984K
}
Event: 87.175 GC heap before
{Heap before GC invocations=27 (full 0):
 garbage-first heap   total 122880K, used 98692K [0x0000000080000000, 0x0000000100000000)
  region size 1024K, 51 young (52224K), 1 survivors (1024K)
 Metaspace       used 51685K, committed 52352K, reserved 491520K
  class space    used 7288K, committed 7616K, reserved 425984K
}
Event: 87.182 GC heap after
{Heap after GC invocations=28 (full 0):
 garbage-first heap   total 122880K, used 51787K [0x0000000080000000, 0x0000000100000000)
  region size 1024K, 5 young (5120K), 5 survivors (5120K)
 Metaspace       used 51685K, committed 52352K, reserved 491520K
  class space    used 7288K, committed 7616K, reserved 425984K
}
Event: 91.863 GC heap before
{Heap before GC invocations=28 (full 0):
 garbage-first heap   total 122880K, used 101963K [0x0000000080000000, 0x0000000100000000)
  region size 1024K, 50 young (51200K), 5 survivors (5120K)
 Metaspace       used 55107K, committed 55808K, reserved 491520K
  class space    used 7765K, committed 8064K, reserved 425984K
}
Event: 91.877 GC heap after
{Heap after GC invocations=29 (full 0):
 garbage-first heap   total 122880K, used 58308K [0x0000000080000000, 0x0000000100000000)
  region size 1024K, 3 young (3072K), 3 survivors (3072K)
 Metaspace       used 55107K, committed 55808K, reserved 491520K
  class space    used 7765K, committed 8064K, reserved 425984K
}
Event: 97.008 GC heap before
{Heap before GC invocations=29 (full 0):
 garbage-first heap   total 122880K, used 101316K [0x0000000080000000, 0x0000000100000000)
  region size 1024K, 45 young (46080K), 3 survivors (3072K)
 Metaspace       used 58930K, committed 59584K, reserved 491520K
  class space    used 8259K, committed 8576K, reserved 425984K
}
Event: 97.024 GC heap after
{Heap after GC invocations=30 (full 0):
 garbage-first heap   total 122880K, used 61599K [0x0000000080000000, 0x0000000100000000)
  region size 1024K, 6 young (6144K), 6 survivors (6144K)
 Metaspace       used 58930K, committed 59584K, reserved 491520K
  class space    used 8259K, committed 8576K, reserved 425984K
}
Event: 105.164 GC heap before
{Heap before GC invocations=31 (full 0):
 garbage-first heap   total 122880K, used 100511K [0x0000000080000000, 0x0000000100000000)
  region size 1024K, 44 young (45056K), 6 survivors (6144K)
 Metaspace       used 61440K, committed 62144K, reserved 491520K
  class space    used 8654K, committed 8960K, reserved 425984K
}
Event: 105.502 GC heap after
{Heap after GC invocations=32 (full 0):
 garbage-first heap   total 122880K, used 62529K [0x0000000080000000, 0x0000000100000000)
  region size 1024K, 3 young (3072K), 3 survivors (3072K)
 Metaspace       used 61440K, committed 62144K, reserved 491520K
  class space    used 8654K, committed 8960K, reserved 425984K
}
Event: 105.995 GC heap before
{Heap before GC invocations=32 (full 0):
 garbage-first heap   total 122880K, used 65601K [0x0000000080000000, 0x0000000100000000)
  region size 1024K, 6 young (6144K), 3 survivors (3072K)
 Metaspace       used 61732K, committed 62400K, reserved 491520K
  class space    used 8714K, committed 9024K, reserved 425984K
}
Event: 106.021 GC heap after
{Heap after GC invocations=33 (full 0):
 garbage-first heap   total 122880K, used 62407K [0x0000000080000000, 0x0000000100000000)
  region size 1024K, 1 young (1024K), 1 survivors (1024K)
 Metaspace       used 61732K, committed 62400K, reserved 491520K
  class space    used 8714K, committed 9024K, reserved 425984K
}
Event: 111.173 GC heap before
{Heap before GC invocations=33 (full 0):
 garbage-first heap   total 122880K, used 101319K [0x0000000080000000, 0x0000000100000000)
  region size 1024K, 39 young (39936K), 1 survivors (1024K)
 Metaspace       used 64300K, committed 64960K, reserved 491520K
  class space    used 9095K, committed 9408K, reserved 425984K
}
Event: 111.194 GC heap after
{Heap after GC invocations=34 (full 0):
 garbage-first heap   total 122880K, used 66531K [0x0000000080000000, 0x0000000100000000)
  region size 1024K, 5 young (5120K), 5 survivors (5120K)
 Metaspace       used 64300K, committed 64960K, reserved 491520K
  class space    used 9095K, committed 9408K, reserved 425984K
}
Event: 117.024 GC heap before
{Heap before GC invocations=34 (full 0):
 garbage-first heap   total 122880K, used 104419K [0x0000000080000000, 0x0000000100000000)
  region size 1024K, 38 young (38912K), 5 survivors (5120K)
 Metaspace       used 65223K, committed 65920K, reserved 491520K
  class space    used 9223K, committed 9536K, reserved 425984K
}
Event: 117.052 GC heap after
{Heap after GC invocations=35 (full 0):
 garbage-first heap   total 122880K, used 76994K [0x0000000080000000, 0x0000000100000000)
  region size 1024K, 5 young (5120K), 5 survivors (5120K)
 Metaspace       used 65223K, committed 65920K, reserved 491520K
  class space    used 9223K, committed 9536K, reserved 425984K
}
Event: 117.815 GC heap before
{Heap before GC invocations=35 (full 0):
 garbage-first heap   total 122880K, used 98498K [0x0000000080000000, 0x0000000100000000)
  region size 1024K, 27 young (27648K), 5 survivors (5120K)
 Metaspace       used 66804K, committed 67520K, reserved 491520K
  class space    used 9426K, committed 9792K, reserved 425984K
}
Event: 117.829 GC heap after
{Heap after GC invocations=36 (full 0):
 garbage-first heap   total 122880K, used 78893K [0x0000000080000000, 0x0000000100000000)
  region size 1024K, 2 young (2048K), 2 survivors (2048K)
 Metaspace       used 66804K, committed 67520K, reserved 491520K
  class space    used 9426K, committed 9792K, reserved 425984K
}
Event: 118.967 GC heap before
{Heap before GC invocations=37 (full 0):
 garbage-first heap   total 137216K, used 99373K [0x0000000080000000, 0x0000000100000000)
  region size 1024K, 23 young (23552K), 2 survivors (2048K)
 Metaspace       used 68762K, committed 69440K, reserved 491520K
  class space    used 9623K, committed 9984K, reserved 425984K
}
Event: 118.981 GC heap after
{Heap after GC invocations=38 (full 0):
 garbage-first heap   total 137216K, used 79581K [0x0000000080000000, 0x0000000100000000)
  region size 1024K, 1 young (1024K), 1 survivors (1024K)
 Metaspace       used 68762K, committed 69440K, reserved 491520K
  class space    used 9623K, committed 9984K, reserved 425984K
}
Event: 119.527 GC heap before
{Heap before GC invocations=38 (full 0):
 garbage-first heap   total 137216K, used 84701K [0x0000000080000000, 0x0000000100000000)
  region size 1024K, 6 young (6144K), 1 survivors (1024K)
 Metaspace       used 69047K, committed 69760K, reserved 491520K
  class space    used 9660K, committed 9984K, reserved 425984K
}

