# JRE version: OpenJDK Runtime Environment Microsoft-8902769 (17.0.10+7) (build 17.0.10+7-LTS)
# Java VM: OpenJDK 64-Bit Server VM Microsoft-8902769 (17.0.10+7-LTS, mixed mode, sharing, tiered, compressed oops, compressed class ptrs, g1 gc, windows-amd64)
GC Precious Log:
 CPUs: 4 total, 4 available
 Memory: 3793M
 Large Page Support: Disabled
 NUMA Support: Disabled
 Compressed Oops: Enabled (32-bit)
 Heap Region Size: 1M
 Heap Min Capacity: 8M
 Heap Initial Capacity: 60M
 Heap Max Capacity: 950M
 Pre-touch: Disabled
 Parallel Workers: 4
 Concurrent Workers: 1
 Concurrent Refinement Workers: 4
 Periodic GC: Disabled
Heap:
 garbage-first heap   total 189440K, used 137527K [0x00000000c4a00000, 0x0000000100000000)
  region size 1024K, 6 young (6144K), 4 survivors (4096K)
 Metaspace       used 83669K, committed 84032K, reserved 1179648K
  class space    used 8913K, committed 9088K, reserved 1048576K
GC Heap History (20 events):
Event: 134.169 GC heap before
{Heap before GC invocations=67 (full 0):
 garbage-first heap   total 157696K, used 135837K [0x00000000c4a00000, 0x0000000100000000)
  region size 1024K, 10 young (10240K), 2 survivors (2048K)
 Metaspace       used 77017K, committed 77376K, reserved 1179648K
  class space    used 8430K, committed 8640K, reserved 1048576K
}
Event: 134.221 GC heap after
{Heap after GC invocations=68 (full 0):
 garbage-first heap   total 157696K, used 127896K [0x00000000c4a00000, 0x0000000100000000)
  region size 1024K, 1 young (1024K), 1 survivors (1024K)
 Metaspace       used 77017K, committed 77376K, reserved 1179648K
  class space    used 8430K, committed 8640K, reserved 1048576K
}
Event: 134.340 GC heap before
{Heap before GC invocations=68 (full 0):
 garbage-first heap   total 157696K, used 136088K [0x00000000c4a00000, 0x0000000100000000)
  region size 1024K, 9 young (9216K), 1 survivors (1024K)
 Metaspace       used 77037K, committed 77376K, reserved 1179648K
  class space    used 8430K, committed 8640K, reserved 1048576K
}
Event: 134.345 GC heap after
{Heap after GC invocations=69 (full 0):
 garbage-first heap   total 157696K, used 128198K [0x00000000c4a00000, 0x0000000100000000)
  region size 1024K, 2 young (2048K), 2 survivors (2048K)
 Metaspace       used 77037K, committed 77376K, reserved 1179648K
  class space    used 8430K, committed 8640K, reserved 1048576K
}
Event: 135.064 GC heap before
{Heap before GC invocations=69 (full 0):
 garbage-first heap   total 157696K, used 136390K [0x00000000c4a00000, 0x0000000100000000)
  region size 1024K, 10 young (10240K), 2 survivors (2048K)
 Metaspace       used 77367K, committed 77696K, reserved 1179648K
  class space    used 8451K, committed 8640K, reserved 1048576K
}
Event: 135.072 GC heap after
{Heap after GC invocations=70 (full 0):
 garbage-first heap   total 189440K, used 128511K [0x00000000c4a00000, 0x0000000100000000)
  region size 1024K, 1 young (1024K), 1 survivors (1024K)
 Metaspace       used 77367K, committed 77696K, reserved 1179648K
  class space    used 8451K, committed 8640K, reserved 1048576K
}
Event: 138.124 GC heap before
{Heap before GC invocations=70 (full 0):
 garbage-first heap   total 189440K, used 162303K [0x00000000c4a00000, 0x0000000100000000)
  region size 1024K, 34 young (34816K), 1 survivors (1024K)
 Metaspace       used 78268K, committed 78592K, reserved 1179648K
  class space    used 8509K, committed 8704K, reserved 1048576K
}
Event: 138.134 GC heap after
{Heap after GC invocations=71 (full 0):
 garbage-first heap   total 189440K, used 129816K [0x00000000c4a00000, 0x0000000100000000)
  region size 1024K, 3 young (3072K), 3 survivors (3072K)
 Metaspace       used 78268K, committed 78592K, reserved 1179648K
  class space    used 8509K, committed 8704K, reserved 1048576K
}
Event: 141.083 GC heap before
{Heap before GC invocations=71 (full 0):
 garbage-first heap   total 189440K, used 162584K [0x00000000c4a00000, 0x0000000100000000)
  region size 1024K, 35 young (35840K), 3 survivors (3072K)
 Metaspace       used 78601K, committed 78912K, reserved 1179648K
  class space    used 8535K, committed 8704K, reserved 1048576K
}
Event: 141.093 GC heap after
{Heap after GC invocations=72 (full 0):
 garbage-first heap   total 189440K, used 131096K [0x00000000c4a00000, 0x0000000100000000)
  region size 1024K, 4 young (4096K), 4 survivors (4096K)
 Metaspace       used 78601K, committed 78912K, reserved 1179648K
  class space    used 8535K, committed 8704K, reserved 1048576K
}
Event: 142.996 GC heap before
{Heap before GC invocations=72 (full 0):
 garbage-first heap   total 189440K, used 162840K [0x00000000c4a00000, 0x0000000100000000)
  region size 1024K, 35 young (35840K), 4 survivors (4096K)
 Metaspace       used 78769K, committed 79104K, reserved 1179648K
  class space    used 8536K, committed 8704K, reserved 1048576K
}
Event: 143.008 GC heap after
{Heap after GC invocations=73 (full 0):
 garbage-first heap   total 189440K, used 132422K [0x00000000c4a00000, 0x0000000100000000)
  region size 1024K, 4 young (4096K), 4 survivors (4096K)
 Metaspace       used 78769K, committed 79104K, reserved 1179648K
  class space    used 8536K, committed 8704K, reserved 1048576K
}
Event: 144.845 GC heap before
{Heap before GC invocations=73 (full 0):
 garbage-first heap   total 189440K, used 163142K [0x00000000c4a00000, 0x0000000100000000)
  region size 1024K, 34 young (34816K), 4 survivors (4096K)
 Metaspace       used 79057K, committed 79424K, reserved 1179648K
  class space    used 8557K, committed 8768K, reserved 1048576K
}
Event: 144.856 GC heap after
{Heap after GC invocations=74 (full 0):
 garbage-first heap   total 189440K, used 133454K [0x00000000c4a00000, 0x0000000100000000)
  region size 1024K, 3 young (3072K), 3 survivors (3072K)
 Metaspace       used 79057K, committed 79424K, reserved 1179648K
  class space    used 8557K, committed 8768K, reserved 1048576K
}
Event: 146.723 GC heap before
{Heap before GC invocations=74 (full 0):
 garbage-first heap   total 189440K, used 164174K [0x00000000c4a00000, 0x0000000100000000)
  region size 1024K, 33 young (33792K), 3 survivors (3072K)
 Metaspace       used 79311K, committed 79744K, reserved 1179648K
  class space    used 8569K, committed 8768K, reserved 1048576K
}
Event: 146.732 GC heap after
{Heap after GC invocations=75 (full 0):
 garbage-first heap   total 189440K, used 134319K [0x00000000c4a00000, 0x0000000100000000)
  region size 1024K, 4 young (4096K), 4 survivors (4096K)
 Metaspace       used 79311K, committed 79744K, reserved 1179648K
  class space    used 8569K, committed 8768K, reserved 1048576K
}
Event: 148.188 GC heap before
{Heap before GC invocations=75 (full 0):
 garbage-first heap   total 189440K, used 164015K [0x00000000c4a00000, 0x0000000100000000)
  region size 1024K, 33 young (33792K), 4 survivors (4096K)
 Metaspace       used 80768K, committed 81152K, reserved 1179648K
  class space    used 8698K, committed 8896K, reserved 1048576K
}
Event: 148.197 GC heap after
{Heap after GC invocations=76 (full 0):
 garbage-first heap   total 189440K, used 134442K [0x00000000c4a00000, 0x0000000100000000)
  region size 1024K, 3 young (3072K), 3 survivors (3072K)
 Metaspace       used 80768K, committed 81152K, reserved 1179648K
  class space    used 8698K, committed 8896K, reserved 1048576K
}
Event: 152.187 GC heap before
{Heap before GC invocations=76 (full 0):
 garbage-first heap   total 189440K, used 164138K [0x00000000c4a00000, 0x0000000100000000)
  region size 1024K, 32 young (32768K), 3 survivors (3072K)
 Metaspace       used 83591K, committed 83968K, reserved 1179648K
  class space    used 8911K, committed 9088K, reserved 1048576K
}
Event: 152.200 GC heap after
{Heap after GC invocations=77 (full 0):
 garbage-first heap   total 189440K, used 136503K [0x00000000c4a00000, 0x0000000100000000)
  region size 1024K, 4 young (4096K), 4 survivors (4096K)
 Metaspace       used 83591K, committed 83968K, reserved 1179648K
  class space    used 8911K, committed 9088K, reserved 1048576K
}

