# JRE version: OpenJDK Runtime Environment Microsoft-8902769 (17.0.10+7) (build 17.0.10+7-LTS)
# Java VM: OpenJDK 64-Bit Server VM Microsoft-8902769 (17.0.10+7-LTS, mixed mode, sharing, tiered, compressed oops, compressed class ptrs, g1 gc, windows-amd64)
GC Precious Log:
 CPUs: 4 total, 4 available
 Memory: 3793M
 Large Page Support: Disabled
 NUMA Support: Disabled
 Compressed Oops: Enabled (32-bit)
 Heap Region Size: 1M
 Heap Min Capacity: 8M
 Heap Initial Capacity: 60M
 Heap Max Capacity: 2G
 Pre-touch: Disabled
 Parallel Workers: 4
 Concurrent Workers: 1
 Concurrent Refinement Workers: 4
 Periodic GC: Disabled
Heap:
 garbage-first heap   total 155648K, used 89786K [0x0000000080000000, 0x0000000100000000)
  region size 1024K, 4 young (4096K), 4 survivors (4096K)
 Metaspace       used 77439K, committed 78208K, reserved 557056K
  class space    used 10744K, committed 11072K, reserved 425984K
GC Heap History (20 events):
Event: 57.333 GC heap after
{Heap after GC invocations=57 (full 0):
 garbage-first heap   total 132096K, used 78036K [0x0000000080000000, 0x0000000100000000)
  region size 1024K, 1 young (1024K), 1 survivors (1024K)
 Metaspace       used 66403K, committed 67136K, reserved 491520K
  class space    used 9372K, committed 9728K, reserved 425984K
}
Event: 58.460 GC heap before
{Heap before GC invocations=57 (full 0):
 garbage-first heap   total 132096K, used 98516K [0x0000000080000000, 0x0000000100000000)
  region size 1024K, 22 young (22528K), 1 survivors (1024K)
 Metaspace       used 68335K, committed 69056K, reserved 491520K
  class space    used 9569K, committed 9920K, reserved 425984K
}
Event: 58.464 GC heap after
{Heap after GC invocations=58 (full 0):
 garbage-first heap   total 132096K, used 78459K [0x0000000080000000, 0x0000000100000000)
  region size 1024K, 1 young (1024K), 1 survivors (1024K)
 Metaspace       used 68335K, committed 69056K, reserved 491520K
  class space    used 9569K, committed 9920K, reserved 425984K
}
Event: 60.553 GC heap before
{Heap before GC invocations=59 (full 0):
 garbage-first heap   total 135168K, used 102011K [0x0000000080000000, 0x0000000100000000)
  region size 1024K, 24 young (24576K), 1 survivors (1024K)
 Metaspace       used 70717K, committed 71488K, reserved 491520K
  class space    used 9849K, committed 10240K, reserved 425984K
}
Event: 60.559 GC heap after
{Heap after GC invocations=60 (full 0):
 garbage-first heap   total 135168K, used 82306K [0x0000000080000000, 0x0000000100000000)
  region size 1024K, 3 young (3072K), 3 survivors (3072K)
 Metaspace       used 70717K, committed 71488K, reserved 491520K
  class space    used 9849K, committed 10240K, reserved 425984K
}
Event: 60.606 GC heap before
{Heap before GC invocations=60 (full 0):
 garbage-first heap   total 135168K, used 88450K [0x0000000080000000, 0x0000000100000000)
  region size 1024K, 6 young (6144K), 3 survivors (3072K)
 Metaspace       used 70717K, committed 71488K, reserved 491520K
  class space    used 9849K, committed 10240K, reserved 425984K
}
Event: 60.613 GC heap after
{Heap after GC invocations=61 (full 0):
 garbage-first heap   total 135168K, used 85298K [0x0000000080000000, 0x0000000100000000)
  region size 1024K, 1 young (1024K), 1 survivors (1024K)
 Metaspace       used 70717K, committed 71488K, reserved 491520K
  class space    used 9849K, committed 10240K, reserved 425984K
}
Event: 60.703 GC heap before
{Heap before GC invocations=61 (full 0):
 garbage-first heap   total 135168K, used 87346K [0x0000000080000000, 0x0000000100000000)
  region size 1024K, 4 young (4096K), 1 survivors (1024K)
 Metaspace       used 70726K, committed 71488K, reserved 491520K
  class space    used 9850K, committed 10240K, reserved 425984K
}
Event: 60.706 GC heap after
{Heap after GC invocations=62 (full 0):
 garbage-first heap   total 135168K, used 85758K [0x0000000080000000, 0x0000000100000000)
  region size 1024K, 2 young (2048K), 2 survivors (2048K)
 Metaspace       used 70726K, committed 71488K, reserved 491520K
  class space    used 9850K, committed 10240K, reserved 425984K
}
Event: 61.434 GC heap before
{Heap before GC invocations=63 (full 0):
 garbage-first heap   total 155648K, used 109310K [0x0000000080000000, 0x0000000100000000)
  region size 1024K, 23 young (23552K), 2 survivors (2048K)
 Metaspace       used 72056K, committed 72768K, reserved 491520K
  class space    used 10030K, committed 10368K, reserved 425984K
}
Event: 61.439 GC heap after
{Heap after GC invocations=64 (full 0):
 garbage-first heap   total 155648K, used 87164K [0x0000000080000000, 0x0000000100000000)
  region size 1024K, 2 young (2048K), 2 survivors (2048K)
 Metaspace       used 72056K, committed 72768K, reserved 491520K
  class space    used 10030K, committed 10368K, reserved 425984K
}
Event: 61.560 GC heap before
{Heap before GC invocations=64 (full 0):
 garbage-first heap   total 155648K, used 92284K [0x0000000080000000, 0x0000000100000000)
  region size 1024K, 7 young (7168K), 2 survivors (2048K)
 Metaspace       used 72363K, committed 73088K, reserved 491520K
  class space    used 10073K, committed 10432K, reserved 425984K
}
Event: 61.565 GC heap after
{Heap after GC invocations=65 (full 0):
 garbage-first heap   total 155648K, used 87283K [0x0000000080000000, 0x0000000100000000)
  region size 1024K, 1 young (1024K), 1 survivors (1024K)
 Metaspace       used 72363K, committed 73088K, reserved 491520K
  class space    used 10073K, committed 10432K, reserved 425984K
}
Event: 62.949 GC heap before
{Heap before GC invocations=65 (full 0):
 garbage-first heap   total 155648K, used 122099K [0x0000000080000000, 0x0000000100000000)
  region size 1024K, 35 young (35840K), 1 survivors (1024K)
 Metaspace       used 74913K, committed 75648K, reserved 491520K
  class space    used 10411K, committed 10752K, reserved 425984K
}
Event: 62.954 GC heap after
{Heap after GC invocations=66 (full 0):
 garbage-first heap   total 155648K, used 88737K [0x0000000080000000, 0x0000000100000000)
  region size 1024K, 2 young (2048K), 2 survivors (2048K)
 Metaspace       used 74913K, committed 75648K, reserved 491520K
  class space    used 10411K, committed 10752K, reserved 425984K
}
Event: 63.995 GC heap before
{Heap before GC invocations=67 (full 0):
 garbage-first heap   total 155648K, used 120481K [0x0000000080000000, 0x0000000100000000)
  region size 1024K, 37 young (37888K), 2 survivors (2048K)
 Metaspace       used 77045K, committed 77824K, reserved 557056K
  class space    used 10694K, committed 11072K, reserved 425984K
}
Event: 64.002 GC heap after
{Heap after GC invocations=68 (full 0):
 garbage-first heap   total 155648K, used 87109K [0x0000000080000000, 0x0000000100000000)
  region size 1024K, 5 young (5120K), 5 survivors (5120K)
 Metaspace       used 77045K, committed 77824K, reserved 557056K
  class space    used 10694K, committed 11072K, reserved 425984K
}
Event: 64.026 GC heap before
{Heap before GC invocations=68 (full 0):
 garbage-first heap   total 155648K, used 89157K [0x0000000080000000, 0x0000000100000000)
  region size 1024K, 7 young (7168K), 5 survivors (5120K)
 Metaspace       used 77045K, committed 77824K, reserved 557056K
  class space    used 10694K, committed 11072K, reserved 425984K
}
Event: 64.033 GC heap after
{Heap after GC invocations=69 (full 0):
 garbage-first heap   total 155648K, used 86967K [0x0000000080000000, 0x0000000100000000)
  region size 1024K, 1 young (1024K), 1 survivors (1024K)
 Metaspace       used 77045K, committed 77824K, reserved 557056K
  class space    used 10694K, committed 11072K, reserved 425984K
}
Event: 78.902 GC heap before
{Heap before GC invocations=69 (full 0):
 garbage-first heap   total 155648K, used 124855K [0x0000000080000000, 0x0000000100000000)
  region size 1024K, 38 young (38912K), 1 survivors (1024K)
 Metaspace       used 77439K, committed 78208K, reserved 557056K
  class space    used 10744K, committed 11072K, reserved 425984K
}

