# JRE version: OpenJDK Runtime Environment Microsoft-8902769 (17.0.10+7) (build 17.0.10+7-LTS)
# Java VM: OpenJDK 64-Bit Server VM Microsoft-8902769 (17.0.10+7-LTS, mixed mode, sharing, tiered, compressed oops, compressed class ptrs, g1 gc, windows-amd64)
GC Precious Log:
 CPUs: 4 total, 4 available
 Memory: 3793M
 Large Page Support: Disabled
 NUMA Support: Disabled
 Compressed Oops: Enabled (32-bit)
 Heap Region Size: 1M
 Heap Min Capacity: 8M
 Heap Initial Capacity: 60M
 Heap Max Capacity: 2G
 Pre-touch: Disabled
 Parallel Workers: 4
 Concurrent Workers: 1
 Concurrent Refinement Workers: 4
 Periodic GC: Disabled
Heap:
 garbage-first heap   total 194560K, used 133182K [0x0000000080000000, 0x0000000100000000)
  region size 1024K, 50 young (51200K), 4 survivors (4096K)
 Metaspace       used 77053K, committed 77824K, reserved 557056K
  class space    used 10707K, committed 11072K, reserved 425984K
GC Heap History (20 events):
Event: 83.558 GC heap before
{Heap before GC invocations=36 (full 0):
 garbage-first heap   total 87040K, used 71746K [0x0000000080000000, 0x0000000100000000)
  region size 1024K, 22 young (22528K), 1 survivors (1024K)
 Metaspace       used 51469K, committed 52160K, reserved 491520K
  class space    used 7268K, committed 7616K, reserved 425984K
}
Event: 83.563 GC heap after
{Heap after GC invocations=37 (full 0):
 garbage-first heap   total 87040K, used 51095K [0x0000000080000000, 0x0000000100000000)
  region size 1024K, 2 young (2048K), 2 survivors (2048K)
 Metaspace       used 51469K, committed 52160K, reserved 491520K
  class space    used 7268K, committed 7616K, reserved 425984K
}
Event: 84.883 GC heap before
{Heap before GC invocations=38 (full 0):
 garbage-first heap   total 89088K, used 74647K [0x0000000080000000, 0x0000000100000000)
  region size 1024K, 22 young (22528K), 2 survivors (2048K)
 Metaspace       used 52937K, committed 53632K, reserved 491520K
  class space    used 7462K, committed 7808K, reserved 425984K
}
Event: 84.890 GC heap after
{Heap after GC invocations=39 (full 0):
 garbage-first heap   total 89088K, used 56594K [0x0000000080000000, 0x0000000100000000)
  region size 1024K, 3 young (3072K), 3 survivors (3072K)
 Metaspace       used 52937K, committed 53632K, reserved 491520K
  class space    used 7462K, committed 7808K, reserved 425984K
}
Event: 84.913 GC heap before
{Heap before GC invocations=39 (full 0):
 garbage-first heap   total 89088K, used 56594K [0x0000000080000000, 0x0000000100000000)
  region size 1024K, 4 young (4096K), 3 survivors (3072K)
 Metaspace       used 53003K, committed 53696K, reserved 491520K
  class space    used 7472K, committed 7808K, reserved 425984K
}
Event: 84.921 GC heap after
{Heap after GC invocations=40 (full 0):
 garbage-first heap   total 89088K, used 56478K [0x0000000080000000, 0x0000000100000000)
  region size 1024K, 1 young (1024K), 1 survivors (1024K)
 Metaspace       used 53003K, committed 53696K, reserved 491520K
  class space    used 7472K, committed 7808K, reserved 425984K
}
Event: 86.865 GC heap before
{Heap before GC invocations=40 (full 0):
 garbage-first heap   total 89088K, used 74910K [0x0000000080000000, 0x0000000100000000)
  region size 1024K, 19 young (19456K), 1 survivors (1024K)
 Metaspace       used 54283K, committed 54976K, reserved 491520K
  class space    used 7654K, committed 8000K, reserved 425984K
}
Event: 86.870 GC heap after
{Heap after GC invocations=41 (full 0):
 garbage-first heap   total 223232K, used 56838K [0x0000000080000000, 0x0000000100000000)
  region size 1024K, 1 young (1024K), 1 survivors (1024K)
 Metaspace       used 54283K, committed 54976K, reserved 491520K
  class space    used 7654K, committed 8000K, reserved 425984K
}
Event: 96.092 GC heap before
{Heap before GC invocations=42 (full 0):
 garbage-first heap   total 194560K, used 172550K [0x0000000080000000, 0x0000000100000000)
  region size 1024K, 114 young (116736K), 1 survivors (1024K)
 Metaspace       used 63240K, committed 63936K, reserved 491520K
  class space    used 8926K, committed 9280K, reserved 425984K
}
Event: 96.110 GC heap after
{Heap after GC invocations=43 (full 0):
 garbage-first heap   total 194560K, used 63960K [0x0000000080000000, 0x0000000100000000)
  region size 1024K, 8 young (8192K), 8 survivors (8192K)
 Metaspace       used 63240K, committed 63936K, reserved 491520K
  class space    used 8926K, committed 9280K, reserved 425984K
}
Event: 96.454 GC heap before
{Heap before GC invocations=43 (full 0):
 garbage-first heap   total 194560K, used 64984K [0x0000000080000000, 0x0000000100000000)
  region size 1024K, 9 young (9216K), 8 survivors (8192K)
 Metaspace       used 63315K, committed 64000K, reserved 491520K
  class space    used 8940K, committed 9280K, reserved 425984K
}
Event: 96.469 GC heap after
{Heap after GC invocations=44 (full 0):
 garbage-first heap   total 194560K, used 64691K [0x0000000080000000, 0x0000000100000000)
  region size 1024K, 1 young (1024K), 1 survivors (1024K)
 Metaspace       used 63315K, committed 64000K, reserved 491520K
  class space    used 8940K, committed 9280K, reserved 425984K
}
Event: 98.315 GC heap before
{Heap before GC invocations=44 (full 0):
 garbage-first heap   total 194560K, used 94387K [0x0000000080000000, 0x0000000100000000)
  region size 1024K, 32 young (32768K), 1 survivors (1024K)
 Metaspace       used 64810K, committed 65536K, reserved 491520K
  class space    used 9181K, committed 9536K, reserved 425984K
}
Event: 98.322 GC heap after
{Heap after GC invocations=45 (full 0):
 garbage-first heap   total 194560K, used 66194K [0x0000000080000000, 0x0000000100000000)
  region size 1024K, 3 young (3072K), 3 survivors (3072K)
 Metaspace       used 64810K, committed 65536K, reserved 491520K
  class space    used 9181K, committed 9536K, reserved 425984K
}
Event: 100.807 GC heap before
{Heap before GC invocations=46 (full 0):
 garbage-first heap   total 194560K, used 160402K [0x0000000080000000, 0x0000000100000000)
  region size 1024K, 85 young (87040K), 3 survivors (3072K)
 Metaspace       used 70733K, committed 71552K, reserved 491520K
  class space    used 9862K, committed 10240K, reserved 425984K
}
Event: 100.821 GC heap after
{Heap after GC invocations=47 (full 0):
 garbage-first heap   total 194560K, used 87170K [0x0000000080000000, 0x0000000100000000)
  region size 1024K, 11 young (11264K), 11 survivors (11264K)
 Metaspace       used 70733K, committed 71552K, reserved 491520K
  class space    used 9862K, committed 10240K, reserved 425984K
}
Event: 101.133 GC heap before
{Heap before GC invocations=47 (full 0):
 garbage-first heap   total 194560K, used 87170K [0x0000000080000000, 0x0000000100000000)
  region size 1024K, 12 young (12288K), 11 survivors (11264K)
 Metaspace       used 70745K, committed 71552K, reserved 491520K
  class space    used 9863K, committed 10240K, reserved 425984K
}
Event: 101.143 GC heap after
{Heap after GC invocations=48 (full 0):
 garbage-first heap   total 194560K, used 88871K [0x0000000080000000, 0x0000000100000000)
  region size 1024K, 2 young (2048K), 2 survivors (2048K)
 Metaspace       used 70745K, committed 71552K, reserved 491520K
  class space    used 9863K, committed 10240K, reserved 425984K
}
Event: 104.807 GC heap before
{Heap before GC invocations=48 (full 0):
 garbage-first heap   total 194560K, used 154407K [0x0000000080000000, 0x0000000100000000)
  region size 1024K, 66 young (67584K), 2 survivors (2048K)
 Metaspace       used 75517K, committed 76224K, reserved 491520K
  class space    used 10494K, committed 10816K, reserved 425984K
}
Event: 104.820 GC heap after
{Heap after GC invocations=49 (full 0):
 garbage-first heap   total 194560K, used 91198K [0x0000000080000000, 0x0000000100000000)
  region size 1024K, 4 young (4096K), 4 survivors (4096K)
 Metaspace       used 75517K, committed 76224K, reserved 491520K
  class space    used 10494K, committed 10816K, reserved 425984K
}

